<?xml version="1.0" encoding="UTF-8"?>
<!-- Generated by org.testng.reporters.JUnitXMLReporter -->
<testsuite ignored="0" hostname="Rishu" failures="0" tests="5" name="Default test" time="0.052" errors="0" timestamp="2024-01-04T12:42:12 IST">
  <testcase classname="Selenium.TestNGDemo.NewTest" name="signIn" time="0.006"/>
  <testcase classname="Selenium.TestNGDemo.NewTest" name="SignUp" time="0.003"/>
  <testcase classname="Selenium.TestNGDemo.NewTest" name="Book" time="0.002"/>
  <testcase classname="Selenium.TestNGDemo.NewTest" name="View" time="0.001"/>
  <testcase classname="Selenium.TestNGDemo.NewTest" name="LogOut" time="0.002"/>
</testsuite> <!-- Default test -->
