<?xml version="1.0" encoding="UTF-8"?>
<testng-results ignored="0" total="5" passed="5" failed="0" skipped="0">
  <reporter-output>
  </reporter-output>
  <suite started-at="2024-01-04T12:42:12 IST" name="Default suite" finished-at="2024-01-04T12:42:12 IST" duration-ms="52">
    <groups>
    </groups>
    <test started-at="2024-01-04T12:42:12 IST" name="Default test" finished-at="2024-01-04T12:42:12 IST" duration-ms="52">
      <class name="Selenium.TestNGDemo.NewTest">
        <test-method signature="signIn()[pri:1, instance:Selenium.TestNGDemo.NewTest@1e04fa0a]" started-at="2024-01-04T12:42:12 IST" name="signIn" finished-at="2024-01-04T12:42:12 IST" duration-ms="6" status="PASS">
          <reporter-output>
          </reporter-output>
        </test-method> <!-- signIn -->
        <test-method signature="SignUp()[pri:2, instance:Selenium.TestNGDemo.NewTest@1e04fa0a]" started-at="2024-01-04T12:42:12 IST" name="SignUp" finished-at="2024-01-04T12:42:12 IST" duration-ms="3" status="PASS">
          <reporter-output>
          </reporter-output>
        </test-method> <!-- SignUp -->
        <test-method signature="Book()[pri:3, instance:Selenium.TestNGDemo.NewTest@1e04fa0a]" started-at="2024-01-04T12:42:12 IST" name="Book" finished-at="2024-01-04T12:42:12 IST" duration-ms="2" status="PASS">
          <reporter-output>
          </reporter-output>
        </test-method> <!-- Book -->
        <test-method signature="View()[pri:4, instance:Selenium.TestNGDemo.NewTest@1e04fa0a]" started-at="2024-01-04T12:42:12 IST" name="View" finished-at="2024-01-04T12:42:12 IST" duration-ms="1" status="PASS">
          <reporter-output>
          </reporter-output>
        </test-method> <!-- View -->
        <test-method signature="LogOut()[pri:5, instance:Selenium.TestNGDemo.NewTest@1e04fa0a]" started-at="2024-01-04T12:42:12 IST" name="LogOut" finished-at="2024-01-04T12:42:12 IST" duration-ms="2" status="PASS">
          <reporter-output>
          </reporter-output>
        </test-method> <!-- LogOut -->
      </class> <!-- Selenium.TestNGDemo.NewTest -->
    </test> <!-- Default test -->
  </suite> <!-- Default suite -->
</testng-results>
